#TYPE System.IO.FileInfo
"PSPath","PSParentPath","PSChildName","PSDrive","PSProvider","PSIsContainer","Mode","VersionInfo","BaseName","Target","LinkType","Name","Length","DirectoryName","Directory","IsReadOnly","Exists","FullName","Extension","CreationTime","CreationTimeUtc","LastAccessTime","LastAccessTimeUtc","LastWriteTime","LastWriteTimeUtc","Attributes"
"Microsoft.PowerShell.Core\FileSystem::C:\Users\champuser\CSI-230\week2\ProcessManagement#4.ps1","Microsoft.PowerShell.Core\FileSystem::C:\Users\champuser\CSI-230\week2","ProcessManagement#4.ps1","C","Microsoft.PowerShell.Core\FileSystem","False","-a----","File:             C:\Users\champuser\CSI-230\week2\ProcessManagement#4.ps1
InternalName:     
OriginalFilename: 
FileVersion:      
FileDescription:  
Product:          
ProductVersion:   
Debug:            False
Patched:          False
PreRelease:       False
PrivateBuild:     False
SpecialBuild:     False
Language:         
","ProcessManagement#4","System.Collections.Generic.List`1[System.String]",,"ProcessManagement#4.ps1","159","C:\Users\champuser\CSI-230\week2","C:\Users\champuser\CSI-230\week2","False","True","C:\Users\champuser\CSI-230\week2\ProcessManagement#4.ps1",".ps1","9/8/2024 1:57:49 PM","9/8/2024 5:57:49 PM","9/8/2024 1:57:49 PM","9/8/2024 5:57:49 PM","9/8/2024 1:57:49 PM","9/8/2024 5:57:49 PM","Archive"
"Microsoft.PowerShell.Core\FileSystem::C:\Users\champuser\CSI-230\week2\Week2 Process Management.ps1","Microsoft.PowerShell.Core\FileSystem::C:\Users\champuser\CSI-230\week2","Week2 Process Management.ps1","C","Microsoft.PowerShell.Core\FileSystem","False","-a----","File:             C:\Users\champuser\CSI-230\week2\Week2 Process Management.ps1
InternalName:     
OriginalFilename: 
FileVersion:      
FileDescription:  
Product:          
ProductVersion:   
Debug:            False
Patched:          False
PreRelease:       False
PrivateBuild:     False
SpecialBuild:     False
Language:         
","Week2 Process Management","System.Collections.Generic.List`1[System.String]",,"Week2 Process Management.ps1","362","C:\Users\champuser\CSI-230\week2","C:\Users\champuser\CSI-230\week2","False","True","C:\Users\champuser\CSI-230\week2\Week2 Process Management.ps1",".ps1","9/2/2024 11:50:33 AM","9/2/2024 3:50:33 PM","9/8/2024 2:07:33 PM","9/8/2024 6:07:33 PM","9/8/2024 2:07:33 PM","9/8/2024 6:07:33 PM","Archive"
